[2018-12-30 12:10:17] production.ERROR: No application encryption key has been specified. {"exception":"[object] (RuntimeException(code: 0): No application encryption key has been specified. at E:\\Server\\xampp\\htdocs\\projects\\primie\\laravel\\vendor\\laravel\\framework\\src\\Illuminate\\Encryption\\EncryptionServiceProvider.php:44)
[stacktrace]
#0 E:\\Server\\xampp\\htdocs\\projects\\primie\\laravel\\vendor\\laravel\\framework\\src\\Illuminate\\Support\\helpers.php(1027): Illuminate\\Encryption\\EncryptionServiceProvider->Illuminate\\Encryption\\{closure}(NULL)
#1 E:\\Server\\xampp\\htdocs\\projects\\primie\\laravel\\vendor\\laravel\\framework\\src\\Illuminate\\Encryption\\EncryptionServiceProvider.php(48): tap(NULL, Object(Closure))
#2 E:\\Server\\xampp\\htdocs\\projects\\primie\\laravel\\vendor\\laravel\\framework\\src\\Illuminate\\Encryption\\EncryptionServiceProvider.php(24): Illuminate\\Encryption\\EncryptionServiceProvider->key(Array)
#3 E:\\Server\\xampp\\htdocs\\projects\\primie\\laravel\\vendor\\laravel\\framework\\src\\Illuminate\\Container\\Container.php(776): Illuminate\\Encryption\\EncryptionServiceProvider->Illuminate\\Encryption\\{closure}(Object(Illuminate\\Foundation\\Application), Array)
#4 E:\\Server\\xampp\\htdocs\\projects\\primie\\laravel\\vendor\\laravel\\framework\\src\\Illuminate\\Container\\Container.php(658): Illuminate\\Container\\Container->build(Object(Closure))
#5 E:\\Server\\xampp\\htdocs\\projects\\primie\\laravel\\vendor\\laravel\\framework\\src\\Illuminate\\Container\\Container.php(609): Illuminate\\Container\\Container->resolve('encrypter', Array)
#6 E:\\Server\\xampp\\htdocs\\projects\\primie\\laravel\\vendor\\laravel\\framework\\src\\Illuminate\\Foundation\\Application.php(735): Illuminate\\Container\\Container->make('encrypter', Array)
#7 E:\\Server\\xampp\\htdocs\\projects\\primie\\laravel\\vendor\\laravel\\framework\\src\\Illuminate\\Container\\Container.php(912): Illuminate\\Foundation\\Application->make('encrypter')
#8 E:\\Server\\xampp\\htdocs\\projects\\primie\\laravel\\vendor\\laravel\\framework\\src\\Illuminate\\Container\\Container.php(840): Illuminate\\Container\\Container->resolveClass(Object(ReflectionParameter))
#9 E:\\Server\\xampp\\htdocs\\projects\\primie\\laravel\\vendor\\laravel\\framework\\src\\Illuminate\\Container\\Container.php(807): Illuminate\\Container\\Container->resolveDependencies(Array)
#10 E:\\Server\\xampp\\htdocs\\projects\\primie\\laravel\\vendor\\laravel\\framework\\src\\Illuminate\\Container\\Container.php(658): Illuminate\\Container\\Container->build('App\\\\Http\\\\Middle...')
#11 E:\\Server\\xampp\\htdocs\\projects\\primie\\laravel\\vendor\\laravel\\framework\\src\\Illuminate\\Container\\Container.php(609): Illuminate\\Container\\Container->resolve('App\\\\Http\\\\Middle...', Array)
#12 E:\\Server\\xampp\\htdocs\\projects\\primie\\laravel\\vendor\\laravel\\framework\\src\\Illuminate\\Foundation\\Application.php(735): Illuminate\\Container\\Container->make('App\\\\Http\\\\Middle...', Array)
#13 E:\\Server\\xampp\\htdocs\\projects\\primie\\laravel\\vendor\\laravel\\framework\\src\\Illuminate\\Pipeline\\Pipeline.php(140): Illuminate\\Foundation\\Application->make('App\\\\Http\\\\Middle...')
#14 E:\\Server\\xampp\\htdocs\\projects\\primie\\laravel\\vendor\\laravel\\framework\\src\\Illuminate\\Routing\\Pipeline.php(53): Illuminate\\Pipeline\\Pipeline->Illuminate\\Pipeline\\{closure}(Object(Illuminate\\Http\\Request))
#15 E:\\Server\\xampp\\htdocs\\projects\\primie\\laravel\\vendor\\laravel\\framework\\src\\Illuminate\\Pipeline\\Pipeline.php(104): Illuminate\\Routing\\Pipeline->Illuminate\\Routing\\{closure}(Object(Illuminate\\Http\\Request))
#16 E:\\Server\\xampp\\htdocs\\projects\\primie\\laravel\\vendor\\laravel\\framework\\src\\Illuminate\\Routing\\Router.php(684): Illuminate\\Pipeline\\Pipeline->then(Object(Closure))
#17 E:\\Server\\xampp\\htdocs\\projects\\primie\\laravel\\vendor\\laravel\\framework\\src\\Illuminate\\Routing\\Router.php(659): Illuminate\\Routing\\Router->runRouteWithinStack(Object(Illuminate\\Routing\\Route), Object(Illuminate\\Http\\Request))
#18 E:\\Server\\xampp\\htdocs\\projects\\primie\\laravel\\vendor\\laravel\\framework\\src\\Illuminate\\Routing\\Router.php(625): Illuminate\\Routing\\Router->runRoute(Object(Illuminate\\Http\\Request), Object(Illuminate\\Routing\\Route))
#19 E:\\Server\\xampp\\htdocs\\projects\\primie\\laravel\\vendor\\laravel\\framework\\src\\Illuminate\\Routing\\Router.php(614): Illuminate\\Routing\\Router->dispatchToRoute(Object(Illuminate\\Http\\Request))
#20 E:\\Server\\xampp\\htdocs\\projects\\primie\\laravel\\vendor\\laravel\\framework\\src\\Illuminate\\Foundation\\Http\\Kernel.php(176): Illuminate\\Routing\\Router->dispatch(Object(Illuminate\\Http\\Request))
#21 E:\\Server\\xampp\\htdocs\\projects\\primie\\laravel\\vendor\\laravel\\framework\\src\\Illuminate\\Routing\\Pipeline.php(30): Illuminate\\Foundation\\Http\\Kernel->Illuminate\\Foundation\\Http\\{closure}(Object(Illuminate\\Http\\Request))
#22 E:\\Server\\xampp\\htdocs\\projects\\primie\\laravel\\vendor\\fideloper\\proxy\\src\\TrustProxies.php(57): Illuminate\\Routing\\Pipeline->Illuminate\\Routing\\{closure}(Object(Illuminate\\Http\\Request))
#23 E:\\Server\\xampp\\htdocs\\projects\\primie\\laravel\\vendor\\laravel\\framework\\src\\Illuminate\\Pipeline\\Pipeline.php(151): Fideloper\\Proxy\\TrustProxies->handle(Object(Illuminate\\Http\\Request), Object(Closure))
#24 E:\\Server\\xampp\\htdocs\\projects\\primie\\laravel\\vendor\\laravel\\framework\\src\\Illuminate\\Routing\\Pipeline.php(53): Illuminate\\Pipeline\\Pipeline->Illuminate\\Pipeline\\{closure}(Object(Illuminate\\Http\\Request))
#25 E:\\Server\\xampp\\htdocs\\projects\\primie\\laravel\\vendor\\laravel\\framework\\src\\Illuminate\\Foundation\\Http\\Middleware\\TransformsRequest.php(31): Illuminate\\Routing\\Pipeline->Illuminate\\Routing\\{closure}(Object(Illuminate\\Http\\Request))
#26 E:\\Server\\xampp\\htdocs\\projects\\primie\\laravel\\vendor\\laravel\\framework\\src\\Illuminate\\Pipeline\\Pipeline.php(151): Illuminate\\Foundation\\Http\\Middleware\\TransformsRequest->handle(Object(Illuminate\\Http\\Request), Object(Closure))
#27 E:\\Server\\xampp\\htdocs\\projects\\primie\\laravel\\vendor\\laravel\\framework\\src\\Illuminate\\Routing\\Pipeline.php(53): Illuminate\\Pipeline\\Pipeline->Illuminate\\Pipeline\\{closure}(Object(Illuminate\\Http\\Request))
#28 E:\\Server\\xampp\\htdocs\\projects\\primie\\laravel\\vendor\\laravel\\framework\\src\\Illuminate\\Foundation\\Http\\Middleware\\TransformsRequest.php(31): Illuminate\\Routing\\Pipeline->Illuminate\\Routing\\{closure}(Object(Illuminate\\Http\\Request))
#29 E:\\Server\\xampp\\htdocs\\projects\\primie\\laravel\\vendor\\laravel\\framework\\src\\Illuminate\\Pipeline\\Pipeline.php(151): Illuminate\\Foundation\\Http\\Middleware\\TransformsRequest->handle(Object(Illuminate\\Http\\Request), Object(Closure))
#30 E:\\Server\\xampp\\htdocs\\projects\\primie\\laravel\\vendor\\laravel\\framework\\src\\Illuminate\\Routing\\Pipeline.php(53): Illuminate\\Pipeline\\Pipeline->Illuminate\\Pipeline\\{closure}(Object(Illuminate\\Http\\Request))
#31 E:\\Server\\xampp\\htdocs\\projects\\primie\\laravel\\vendor\\laravel\\framework\\src\\Illuminate\\Foundation\\Http\\Middleware\\ValidatePostSize.php(27): Illuminate\\Routing\\Pipeline->Illuminate\\Routing\\{closure}(Object(Illuminate\\Http\\Request))
#32 E:\\Server\\xampp\\htdocs\\projects\\primie\\laravel\\vendor\\laravel\\framework\\src\\Illuminate\\Pipeline\\Pipeline.php(151): Illuminate\\Foundation\\Http\\Middleware\\ValidatePostSize->handle(Object(Illuminate\\Http\\Request), Object(Closure))
#33 E:\\Server\\xampp\\htdocs\\projects\\primie\\laravel\\vendor\\laravel\\framework\\src\\Illuminate\\Routing\\Pipeline.php(53): Illuminate\\Pipeline\\Pipeline->Illuminate\\Pipeline\\{closure}(Object(Illuminate\\Http\\Request))
#34 E:\\Server\\xampp\\htdocs\\projects\\primie\\laravel\\vendor\\laravel\\framework\\src\\Illuminate\\Foundation\\Http\\Middleware\\CheckForMaintenanceMode.php(62): Illuminate\\Routing\\Pipeline->Illuminate\\Routing\\{closure}(Object(Illuminate\\Http\\Request))
#35 E:\\Server\\xampp\\htdocs\\projects\\primie\\laravel\\vendor\\laravel\\framework\\src\\Illuminate\\Pipeline\\Pipeline.php(151): Illuminate\\Foundation\\Http\\Middleware\\CheckForMaintenanceMode->handle(Object(Illuminate\\Http\\Request), Object(Closure))
#36 E:\\Server\\xampp\\htdocs\\projects\\primie\\laravel\\vendor\\laravel\\framework\\src\\Illuminate\\Routing\\Pipeline.php(53): Illuminate\\Pipeline\\Pipeline->Illuminate\\Pipeline\\{closure}(Object(Illuminate\\Http\\Request))
#37 E:\\Server\\xampp\\htdocs\\projects\\primie\\laravel\\vendor\\laravel\\framework\\src\\Illuminate\\Pipeline\\Pipeline.php(104): Illuminate\\Routing\\Pipeline->Illuminate\\Routing\\{closure}(Object(Illuminate\\Http\\Request))
#38 E:\\Server\\xampp\\htdocs\\projects\\primie\\laravel\\vendor\\laravel\\framework\\src\\Illuminate\\Foundation\\Http\\Kernel.php(151): Illuminate\\Pipeline\\Pipeline->then(Object(Closure))
#39 E:\\Server\\xampp\\htdocs\\projects\\primie\\laravel\\vendor\\laravel\\framework\\src\\Illuminate\\Foundation\\Http\\Kernel.php(116): Illuminate\\Foundation\\Http\\Kernel->sendRequestThroughRouter(Object(Illuminate\\Http\\Request))
#40 E:\\Server\\xampp\\htdocs\\projects\\primie\\laravel\\public\\index.php(55): Illuminate\\Foundation\\Http\\Kernel->handle(Object(Illuminate\\Http\\Request))
#41 {main}
"} 
[2018-12-30 12:10:17] production.ERROR: No application encryption key has been specified. {"exception":"[object] (RuntimeException(code: 0): No application encryption key has been specified. at E:\\Server\\xampp\\htdocs\\projects\\primie\\laravel\\vendor\\laravel\\framework\\src\\Illuminate\\Encryption\\EncryptionServiceProvider.php:44)
[stacktrace]
#0 E:\\Server\\xampp\\htdocs\\projects\\primie\\laravel\\vendor\\laravel\\framework\\src\\Illuminate\\Support\\helpers.php(1027): Illuminate\\Encryption\\EncryptionServiceProvider->Illuminate\\Encryption\\{closure}(NULL)
#1 E:\\Server\\xampp\\htdocs\\projects\\primie\\laravel\\vendor\\laravel\\framework\\src\\Illuminate\\Encryption\\EncryptionServiceProvider.php(48): tap(NULL, Object(Closure))
#2 E:\\Server\\xampp\\htdocs\\projects\\primie\\laravel\\vendor\\laravel\\framework\\src\\Illuminate\\Encryption\\EncryptionServiceProvider.php(24): Illuminate\\Encryption\\EncryptionServiceProvider->key(Array)
#3 E:\\Server\\xampp\\htdocs\\projects\\primie\\laravel\\vendor\\laravel\\framework\\src\\Illuminate\\Container\\Container.php(776): Illuminate\\Encryption\\EncryptionServiceProvider->Illuminate\\Encryption\\{closure}(Object(Illuminate\\Foundation\\Application), Array)
#4 E:\\Server\\xampp\\htdocs\\projects\\primie\\laravel\\vendor\\laravel\\framework\\src\\Illuminate\\Container\\Container.php(658): Illuminate\\Container\\Container->build(Object(Closure))
#5 E:\\Server\\xampp\\htdocs\\projects\\primie\\laravel\\vendor\\laravel\\framework\\src\\Illuminate\\Container\\Container.php(609): Illuminate\\Container\\Container->resolve('encrypter', Array)
#6 E:\\Server\\xampp\\htdocs\\projects\\primie\\laravel\\vendor\\laravel\\framework\\src\\Illuminate\\Foundation\\Application.php(735): Illuminate\\Container\\Container->make('encrypter', Array)
#7 E:\\Server\\xampp\\htdocs\\projects\\primie\\laravel\\vendor\\laravel\\framework\\src\\Illuminate\\Container\\Container.php(912): Illuminate\\Foundation\\Application->make('encrypter')
#8 E:\\Server\\xampp\\htdocs\\projects\\primie\\laravel\\vendor\\laravel\\framework\\src\\Illuminate\\Container\\Container.php(840): Illuminate\\Container\\Container->resolveClass(Object(ReflectionParameter))
#9 E:\\Server\\xampp\\htdocs\\projects\\primie\\laravel\\vendor\\laravel\\framework\\src\\Illuminate\\Container\\Container.php(807): Illuminate\\Container\\Container->resolveDependencies(Array)
#10 E:\\Server\\xampp\\htdocs\\projects\\primie\\laravel\\vendor\\laravel\\framework\\src\\Illuminate\\Container\\Container.php(658): Illuminate\\Container\\Container->build('App\\\\Http\\\\Middle...')
#11 E:\\Server\\xampp\\htdocs\\projects\\primie\\laravel\\vendor\\laravel\\framework\\src\\Illuminate\\Container\\Container.php(609): Illuminate\\Container\\Container->resolve('App\\\\Http\\\\Middle...', Array)
#12 E:\\Server\\xampp\\htdocs\\projects\\primie\\laravel\\vendor\\laravel\\framework\\src\\Illuminate\\Foundation\\Application.php(735): Illuminate\\Container\\Container->make('App\\\\Http\\\\Middle...', Array)
#13 E:\\Server\\xampp\\htdocs\\projects\\primie\\laravel\\vendor\\laravel\\framework\\src\\Illuminate\\Foundation\\Http\\Kernel.php(215): Illuminate\\Foundation\\Application->make('App\\\\Http\\\\Middle...')
#14 E:\\Server\\xampp\\htdocs\\projects\\primie\\laravel\\vendor\\laravel\\framework\\src\\Illuminate\\Foundation\\Http\\Kernel.php(189): Illuminate\\Foundation\\Http\\Kernel->terminateMiddleware(Object(Illuminate\\Http\\Request), Object(Illuminate\\Http\\Response))
#15 E:\\Server\\xampp\\htdocs\\projects\\primie\\laravel\\public\\index.php(60): Illuminate\\Foundation\\Http\\Kernel->terminate(Object(Illuminate\\Http\\Request), Object(Illuminate\\Http\\Response))
#16 {main}
"} 
